Determining if the pthread_create exist failed with the following output:
Change Dir: /home/zeta/catkin_ws/build/CMakeFiles/CMakeTmp

Run Build Command:/usr/bin/make "cmTryCompileExec4132856000/fast"
/usr/bin/make -f CMakeFiles/cmTryCompileExec4132856000.dir/build.make CMakeFiles/cmTryCompileExec4132856000.dir/build
make[1]: Entering directory `/home/zeta/catkin_ws/build/CMakeFiles/CMakeTmp'
/usr/bin/cmake -E cmake_progress_report /home/zeta/catkin_ws/build/CMakeFiles/CMakeTmp/CMakeFiles 1
Building C object CMakeFiles/cmTryCompileExec4132856000.dir/CheckSymbolExists.c.o
/usr/bin/cc    -o CMakeFiles/cmTryCompileExec4132856000.dir/CheckSymbolExists.c.o   -c /home/zeta/catkin_ws/build/CMakeFiles/CMakeTmp/CheckSymbolExists.c
Linking C executable cmTryCompileExec4132856000
/usr/bin/cmake -E cmake_link_script CMakeFiles/cmTryCompileExec4132856000.dir/link.txt --verbose=1
/usr/bin/cc       CMakeFiles/cmTryCompileExec4132856000.dir/CheckSymbolExists.c.o  -o cmTryCompileExec4132856000 -rdynamic 
CMakeFiles/cmTryCompileExec4132856000.dir/CheckSymbolExists.c.o: In function `main':
CheckSymbolExists.c:(.text+0x16): undefined reference to `pthread_create'
collect2: error: ld returned 1 exit status
make[1]: *** [cmTryCompileExec4132856000] Error 1
make[1]: Leaving directory `/home/zeta/catkin_ws/build/CMakeFiles/CMakeTmp'
make: *** [cmTryCompileExec4132856000/fast] Error 2

File /home/zeta/catkin_ws/build/CMakeFiles/CMakeTmp/CheckSymbolExists.c:
/* */
#include <pthread.h>

int main(int argc, char** argv)
{
  (void)argv;
#ifndef pthread_create
  return ((int*)(&pthread_create))[argc];
#else
  (void)argc;
  return 0;
#endif
}

Determining if the function pthread_create exists in the pthreads failed with the following output:
Change Dir: /home/zeta/catkin_ws/build/CMakeFiles/CMakeTmp

Run Build Command:/usr/bin/make "cmTryCompileExec2755582828/fast"
/usr/bin/make -f CMakeFiles/cmTryCompileExec2755582828.dir/build.make CMakeFiles/cmTryCompileExec2755582828.dir/build
make[1]: Entering directory `/home/zeta/catkin_ws/build/CMakeFiles/CMakeTmp'
/usr/bin/cmake -E cmake_progress_report /home/zeta/catkin_ws/build/CMakeFiles/CMakeTmp/CMakeFiles 1
Building C object CMakeFiles/cmTryCompileExec2755582828.dir/CheckFunctionExists.c.o
/usr/bin/cc   -DCHECK_FUNCTION_EXISTS=pthread_create   -o CMakeFiles/cmTryCompileExec2755582828.dir/CheckFunctionExists.c.o   -c /usr/share/cmake-2.8/Modules/CheckFunctionExists.c
Linking C executable cmTryCompileExec2755582828
/usr/bin/cmake -E cmake_link_script CMakeFiles/cmTryCompileExec2755582828.dir/link.txt --verbose=1
/usr/bin/cc   -DCHECK_FUNCTION_EXISTS=pthread_create    CMakeFiles/cmTryCompileExec2755582828.dir/CheckFunctionExists.c.o  -o cmTryCompileExec2755582828 -rdynamic -lpthreads 
/usr/bin/ld: cannot find -lpthreads
collect2: error: ld returned 1 exit status
make[1]: *** [cmTryCompileExec2755582828] Error 1
make[1]: Leaving directory `/home/zeta/catkin_ws/build/CMakeFiles/CMakeTmp'
make: *** [cmTryCompileExec2755582828/fast] Error 2


